<?xml version="1.0" encoding="UTF-8"?>
<!-- Generated by org.testng.reporters.JUnitXMLReporter -->
<testsuite ignored="6" hostname="LTIN509092" failures="0" tests="10" name="Test" time="232.974" errors="0" timestamp="2024-04-19T09:19:09 IST">
  <testcase classname="TestCases.TC1webdevcourses" name="homepage" time="6.233"/>
  <testcase classname="TestCases.TC1webdevcourses" name="filter" time="4.453"/>
  <testcase classname="TestCases.TC1webdevcourses" name="courses" time="9.734"/>
  <testcase classname="TestCases.TC2webcrse2" name="course2" time="14.074"/>
  <testcase classname="TestCases.TC2webcrse2" name="windowswitch" time="0.004"/>
  <testcase classname="TestCases.TC3Languagelearn" name="searchbox" time="3.453"/>
  <testcase classname="TestCases.TC3Languagelearn" name="languagescourses" time="46.934"/>
  <testcase classname="TestCases.TC3Languagelearn" name="levelcount" time="106.118"/>
  <testcase classname="TestCases.TC4enterprises" name="forEnterprise" time="17.205"/>
  <testcase classname="TestCases.TC4enterprises" name="submitForm" time="6.674"/>
  <testcase classname="TestBase.Baseclass" name="@BeforeTest setup" time="0.0">
    <ignored/>
  </testcase> <!-- @BeforeTest setup -->
  <testcase classname="TestBase.Baseclass" name="@BeforeTest setup" time="0.0">
    <ignored/>
  </testcase> <!-- @BeforeTest setup -->
  <testcase classname="TestBase.Baseclass" name="@BeforeTest setup" time="0.0">
    <ignored/>
  </testcase> <!-- @BeforeTest setup -->
  <testcase classname="TestBase.Baseclass" name="@AfterTest tearDown" time="0.0">
    <ignored/>
  </testcase> <!-- @AfterTest tearDown -->
  <testcase classname="TestBase.Baseclass" name="@AfterTest tearDown" time="0.0">
    <ignored/>
  </testcase> <!-- @AfterTest tearDown -->
  <testcase classname="TestBase.Baseclass" name="@AfterTest tearDown" time="0.0">
    <ignored/>
  </testcase> <!-- @AfterTest tearDown -->
</testsuite> <!-- Test -->
