<?xml version="1.0" encoding="UTF-8"?>
<testng-results ignored="6" total="16" passed="10" failed="0" skipped="0">
  <reporter-output>
  </reporter-output>
  <suite started-at="2024-04-19T09:15:16 IST" name="Suite" finished-at="2024-04-19T09:19:09 IST" duration-ms="232974">
    <groups>
      <group name="regression">
        <method signature="TC1webdevcourses.courses()[pri:3, instance:TestCases.TC1webdevcourses@60bd273d]" name="courses" class="TestCases.TC1webdevcourses"/>
        <method signature="TC1webdevcourses.filter()[pri:2, instance:TestCases.TC1webdevcourses@60bd273d]" name="filter" class="TestCases.TC1webdevcourses"/>
        <method signature="TC1webdevcourses.homepage()[pri:1, instance:TestCases.TC1webdevcourses@60bd273d]" name="homepage" class="TestCases.TC1webdevcourses"/>
        <method signature="TC2webcrse2.course2()[pri:1, instance:TestCases.TC2webcrse2@a38c7fe]" name="course2" class="TestCases.TC2webcrse2"/>
        <method signature="TC2webcrse2.windowswitch()[pri:2, instance:TestCases.TC2webcrse2@a38c7fe]" name="windowswitch" class="TestCases.TC2webcrse2"/>
      </group> <!-- regression -->
      <group name="sanity">
        <method signature="TC1webdevcourses.courses()[pri:3, instance:TestCases.TC1webdevcourses@60bd273d]" name="courses" class="TestCases.TC1webdevcourses"/>
        <method signature="TC1webdevcourses.homepage()[pri:1, instance:TestCases.TC1webdevcourses@60bd273d]" name="homepage" class="TestCases.TC1webdevcourses"/>
        <method signature="TC2webcrse2.course2()[pri:1, instance:TestCases.TC2webcrse2@a38c7fe]" name="course2" class="TestCases.TC2webcrse2"/>
        <method signature="TC2webcrse2.windowswitch()[pri:2, instance:TestCases.TC2webcrse2@a38c7fe]" name="windowswitch" class="TestCases.TC2webcrse2"/>
        <method signature="TC3Languagelearn.searchbox()[pri:1, instance:TestCases.TC3Languagelearn@2e6a8155]" name="searchbox" class="TestCases.TC3Languagelearn"/>
        <method signature="TC4enterprises.forEnterprise()[pri:1, instance:TestCases.TC4enterprises@6221a451]" name="forEnterprise" class="TestCases.TC4enterprises"/>
      </group> <!-- sanity -->
    </groups>
    <test started-at="2024-04-19T09:15:16 IST" name="Test" finished-at="2024-04-19T09:19:09 IST" duration-ms="232974">
      <class name="TestCases.TC2webcrse2">
        <test-method signature="course2()[pri:1, instance:TestCases.TC2webcrse2@a38c7fe]" started-at="2024-04-19T09:15:52 IST" name="course2" finished-at="2024-04-19T09:16:06 IST" duration-ms="14074" status="PASS">
          <reporter-output>
          </reporter-output>
        </test-method> <!-- course2 -->
        <test-method signature="windowswitch()[pri:2, instance:TestCases.TC2webcrse2@a38c7fe]" started-at="2024-04-19T09:16:06 IST" name="windowswitch" finished-at="2024-04-19T09:16:06 IST" duration-ms="4" status="PASS">
          <reporter-output>
          </reporter-output>
        </test-method> <!-- windowswitch -->
      </class> <!-- TestCases.TC2webcrse2 -->
      <class name="TestCases.TC1webdevcourses">
        <test-method is-config="true" signature="setup(java.lang.String,java.lang.String)[pri:0, instance:TestCases.TC1webdevcourses@60bd273d]" started-at="2024-04-19T09:15:16 IST" name="setup" finished-at="2024-04-19T09:15:31 IST" duration-ms="14458" status="PASS">
          <params>
            <param index="0">
              <value>
                <![CDATA[windows]]>
              </value>
            </param>
            <param index="1">
              <value>
                <![CDATA[chrome]]>
              </value>
            </param>
          </params>
          <reporter-output>
          </reporter-output>
        </test-method> <!-- setup -->
        <test-method signature="homepage()[pri:1, instance:TestCases.TC1webdevcourses@60bd273d]" started-at="2024-04-19T09:15:31 IST" name="homepage" finished-at="2024-04-19T09:15:37 IST" duration-ms="6233" status="PASS">
          <reporter-output>
          </reporter-output>
        </test-method> <!-- homepage -->
        <test-method signature="filter()[pri:2, instance:TestCases.TC1webdevcourses@60bd273d]" started-at="2024-04-19T09:15:37 IST" name="filter" finished-at="2024-04-19T09:15:42 IST" duration-ms="4453" status="PASS">
          <reporter-output>
          </reporter-output>
        </test-method> <!-- filter -->
        <test-method signature="courses()[pri:3, instance:TestCases.TC1webdevcourses@60bd273d]" started-at="2024-04-19T09:15:42 IST" name="courses" finished-at="2024-04-19T09:15:51 IST" duration-ms="9734" status="PASS">
          <reporter-output>
          </reporter-output>
        </test-method> <!-- courses -->
        <test-method is-config="true" signature="tearDown()[pri:0, instance:TestCases.TC1webdevcourses@60bd273d]" started-at="2024-04-19T09:19:08 IST" name="tearDown" finished-at="2024-04-19T09:19:09 IST" duration-ms="1104" status="PASS">
          <reporter-output>
          </reporter-output>
        </test-method> <!-- tearDown -->
      </class> <!-- TestCases.TC1webdevcourses -->
      <class name="TestCases.TC3Languagelearn">
        <test-method signature="searchbox()[pri:1, instance:TestCases.TC3Languagelearn@2e6a8155]" started-at="2024-04-19T09:16:06 IST" name="searchbox" finished-at="2024-04-19T09:16:10 IST" duration-ms="3453" status="PASS">
          <reporter-output>
          </reporter-output>
        </test-method> <!-- searchbox -->
        <test-method signature="languagescourses()[pri:2, instance:TestCases.TC3Languagelearn@2e6a8155]" started-at="2024-04-19T09:16:10 IST" name="languagescourses" finished-at="2024-04-19T09:16:57 IST" duration-ms="46934" status="PASS">
          <reporter-output>
          </reporter-output>
        </test-method> <!-- languagescourses -->
        <test-method signature="levelcount()[pri:3, instance:TestCases.TC3Languagelearn@2e6a8155]" started-at="2024-04-19T09:16:57 IST" name="levelcount" finished-at="2024-04-19T09:18:43 IST" duration-ms="106118" status="PASS">
          <reporter-output>
          </reporter-output>
        </test-method> <!-- levelcount -->
      </class> <!-- TestCases.TC3Languagelearn -->
      <class name="TestCases.TC4enterprises">
        <test-method signature="forEnterprise()[pri:1, instance:TestCases.TC4enterprises@6221a451]" started-at="2024-04-19T09:18:43 IST" name="forEnterprise" finished-at="2024-04-19T09:19:01 IST" duration-ms="17205" status="PASS">
          <reporter-output>
          </reporter-output>
        </test-method> <!-- forEnterprise -->
        <test-method signature="submitForm()[pri:2, instance:TestCases.TC4enterprises@6221a451]" started-at="2024-04-19T09:19:01 IST" name="submitForm" finished-at="2024-04-19T09:19:08 IST" duration-ms="6674" status="PASS">
          <reporter-output>
          </reporter-output>
        </test-method> <!-- submitForm -->
      </class> <!-- TestCases.TC4enterprises -->
    </test> <!-- Test -->
  </suite> <!-- Suite -->
</testng-results>
